<?xml version="1.0" encoding="UTF-8"?>
<testng-results ignored="0" total="2" passed="2" failed="0" skipped="0">
  <reporter-output>
  </reporter-output>
  <suite started-at="2024-07-15T10:18:18 IST" name="Default suite" finished-at="2024-07-15T10:18:39 IST" duration-ms="20380">
    <groups>
    </groups>
    <test started-at="2024-07-15T10:18:18 IST" name="Default test" finished-at="2024-07-15T10:18:39 IST" duration-ms="20380">
      <class name="Tests.LoginTest">
        <test-method is-config="true" signature="setUp()[pri:0, instance:Tests.LoginTest@2b40ff9c]" started-at="2024-07-15T10:18:18 IST" name="setUp" finished-at="2024-07-15T10:18:21 IST" duration-ms="3269" status="PASS">
          <reporter-output>
          </reporter-output>
        </test-method> <!-- setUp -->
        <test-method signature="checkBoxForm()[pri:0, instance:Tests.LoginTest@2b40ff9c]" started-at="2024-07-15T10:18:22 IST" name="checkBoxForm" finished-at="2024-07-15T10:18:31 IST" duration-ms="9368" status="PASS">
          <reporter-output>
          </reporter-output>
        </test-method> <!-- checkBoxForm -->
        <test-method signature="fillTextBoxForm()[pri:0, instance:Tests.LoginTest@2b40ff9c]" started-at="2024-07-15T10:18:31 IST" name="fillTextBoxForm" finished-at="2024-07-15T10:18:38 IST" duration-ms="6793" status="PASS">
          <reporter-output>
          </reporter-output>
        </test-method> <!-- fillTextBoxForm -->
        <test-method is-config="true" signature="tearDown()[pri:0, instance:Tests.LoginTest@2b40ff9c]" started-at="2024-07-15T10:18:38 IST" name="tearDown" finished-at="2024-07-15T10:18:39 IST" duration-ms="830" status="PASS">
          <reporter-output>
          </reporter-output>
        </test-method> <!-- tearDown -->
      </class> <!-- Tests.LoginTest -->
    </test> <!-- Default test -->
  </suite> <!-- Default suite -->
</testng-results>
